<?xml version="1.0" encoding="UTF-8"?>
<testsuite name="com.project.csletter.CsletterApplicationTests" tests="1" skipped="0" failures="0" errors="0" timestamp="2022-11-08T08:30:32" hostname="MacBook-Pro-4.local" time="0.065">
  <properties/>
  <testcase name="contextLoads()" classname="com.project.csletter.CsletterApplicationTests" time="0.065"/>
  <system-out><![CDATA[17:30:29.880 [Test worker] DEBUG org.springframework.test.context.BootstrapUtils - Instantiating CacheAwareContextLoaderDelegate from class [org.springframework.test.context.cache.DefaultCacheAwareContextLoaderDelegate]
17:30:29.885 [Test worker] DEBUG org.springframework.test.context.BootstrapUtils - Instantiating BootstrapContext using constructor [public org.springframework.test.context.support.DefaultBootstrapContext(java.lang.Class,org.springframework.test.context.CacheAwareContextLoaderDelegate)]
17:30:29.898 [Test worker] DEBUG org.springframework.test.context.BootstrapUtils - Instantiating TestContextBootstrapper for test class [com.project.csletter.CsletterApplicationTests] from class [org.springframework.boot.test.context.SpringBootTestContextBootstrapper]
17:30:29.902 [Test worker] INFO org.springframework.boot.test.context.SpringBootTestContextBootstrapper - Neither @ContextConfiguration nor @ContextHierarchy found for test class [com.project.csletter.CsletterApplicationTests], using SpringBootContextLoader
17:30:29.904 [Test worker] DEBUG org.springframework.test.context.support.AbstractContextLoader - Did not detect default resource location for test class [com.project.csletter.CsletterApplicationTests]: class path resource [com/project/csletter/CsletterApplicationTests-context.xml] does not exist
17:30:29.904 [Test worker] DEBUG org.springframework.test.context.support.AbstractContextLoader - Did not detect default resource location for test class [com.project.csletter.CsletterApplicationTests]: class path resource [com/project/csletter/CsletterApplicationTestsContext.groovy] does not exist
17:30:29.904 [Test worker] INFO org.springframework.test.context.support.AbstractContextLoader - Could not detect default resource locations for test class [com.project.csletter.CsletterApplicationTests]: no resource found for suffixes {-context.xml, Context.groovy}.
17:30:29.904 [Test worker] INFO org.springframework.test.context.support.AnnotationConfigContextLoaderUtils - Could not detect default configuration classes for test class [com.project.csletter.CsletterApplicationTests]: CsletterApplicationTests does not declare any static, non-private, non-final, nested classes annotated with @Configuration.
17:30:29.919 [Test worker] DEBUG org.springframework.test.context.support.ActiveProfilesUtils - Could not find an 'annotation declaring class' for annotation type [org.springframework.test.context.ActiveProfiles] and class [com.project.csletter.CsletterApplicationTests]
17:30:29.939 [Test worker] DEBUG org.springframework.context.annotation.ClassPathScanningCandidateComponentProvider - Identified candidate component class: file [/Users/johnn/Documents/GitHub/cs-letter-backend/build/classes/java/main/com/project/csletter/CsletterApplication.class]
17:30:29.940 [Test worker] INFO org.springframework.boot.test.context.SpringBootTestContextBootstrapper - Found @SpringBootConfiguration com.project.csletter.CsletterApplication for test class com.project.csletter.CsletterApplicationTests
17:30:29.971 [Test worker] DEBUG org.springframework.boot.test.context.SpringBootTestContextBootstrapper - @TestExecutionListeners is not present for class [com.project.csletter.CsletterApplicationTests]: using defaults.
17:30:29.971 [Test worker] INFO org.springframework.boot.test.context.SpringBootTestContextBootstrapper - Loaded default TestExecutionListener class names from location [META-INF/spring.factories]: [org.springframework.test.context.web.ServletTestExecutionListener, org.springframework.test.context.support.DirtiesContextBeforeModesTestExecutionListener, org.springframework.test.context.event.ApplicationEventsTestExecutionListener, org.springframework.test.context.support.DependencyInjectionTestExecutionListener, org.springframework.test.context.support.DirtiesContextTestExecutionListener, org.springframework.test.context.transaction.TransactionalTestExecutionListener, org.springframework.test.context.jdbc.SqlScriptsTestExecutionListener, org.springframework.test.context.event.EventPublishingTestExecutionListener, org.springframework.boot.test.autoconfigure.restdocs.RestDocsTestExecutionListener, org.springframework.boot.test.autoconfigure.web.client.MockRestServiceServerResetTestExecutionListener, org.springframework.boot.test.autoconfigure.web.servlet.MockMvcPrintOnlyOnFailureTestExecutionListener, org.springframework.boot.test.autoconfigure.web.servlet.WebDriverTestExecutionListener, org.springframework.boot.test.autoconfigure.webservices.client.MockWebServiceServerTestExecutionListener, org.springframework.boot.test.mock.mockito.MockitoTestExecutionListener, org.springframework.boot.test.mock.mockito.ResetMocksTestExecutionListener]
17:30:29.979 [Test worker] INFO org.springframework.boot.test.context.SpringBootTestContextBootstrapper - Using TestExecutionListeners: [org.springframework.test.context.web.ServletTestExecutionListener@61884cb1, org.springframework.test.context.support.DirtiesContextBeforeModesTestExecutionListener@75ed9710, org.springframework.test.context.event.ApplicationEventsTestExecutionListener@4fc5e095, org.springframework.boot.test.mock.mockito.MockitoTestExecutionListener@435871cb, org.springframework.boot.test.autoconfigure.SpringBootDependencyInjectionTestExecutionListener@609640d5, org.springframework.test.context.support.DirtiesContextTestExecutionListener@79da1ec0, org.springframework.test.context.transaction.TransactionalTestExecutionListener@19fb8826, org.springframework.test.context.jdbc.SqlScriptsTestExecutionListener@192d74fb, org.springframework.test.context.event.EventPublishingTestExecutionListener@4bef0fe3, org.springframework.boot.test.autoconfigure.restdocs.RestDocsTestExecutionListener@62ea3440, org.springframework.boot.test.autoconfigure.web.client.MockRestServiceServerResetTestExecutionListener@27953a83, org.springframework.boot.test.autoconfigure.web.servlet.MockMvcPrintOnlyOnFailureTestExecutionListener@556d0826, org.springframework.boot.test.autoconfigure.web.servlet.WebDriverTestExecutionListener@66ce957f, org.springframework.boot.test.autoconfigure.webservices.client.MockWebServiceServerTestExecutionListener@55b5f5d2, org.springframework.boot.test.mock.mockito.ResetMocksTestExecutionListener@5bfa8cc5]
17:30:29.980 [Test worker] DEBUG org.springframework.test.context.support.AbstractDirtiesContextTestExecutionListener - Before test class: context [DefaultTestContext@2c88b9fc testClass = CsletterApplicationTests, testInstance = [null], testMethod = [null], testException = [null], mergedContextConfiguration = [WebMergedContextConfiguration@64dafeed testClass = CsletterApplicationTests, locations = '{}', classes = '{class com.project.csletter.CsletterApplication}', contextInitializerClasses = '[]', activeProfiles = '{}', propertySourceLocations = '{}', propertySourceProperties = '{org.springframework.boot.test.context.SpringBootTestContextBootstrapper=true}', contextCustomizers = set[org.springframework.boot.test.autoconfigure.actuate.metrics.MetricsExportContextCustomizerFactory$DisableMetricExportContextCustomizer@2e48362c, org.springframework.boot.test.autoconfigure.properties.PropertyMappingContextCustomizer@0, org.springframework.boot.test.autoconfigure.web.servlet.WebDriverContextCustomizerFactory$Customizer@3f91b517, org.springframework.boot.test.context.filter.ExcludeFilterContextCustomizer@59a008ba, org.springframework.boot.test.json.DuplicateJsonObjectContextCustomizerFactory$DuplicateJsonObjectContextCustomizer@58ce9668, org.springframework.boot.test.mock.mockito.MockitoContextCustomizer@0, org.springframework.boot.test.web.client.TestRestTemplateContextCustomizer@7a55af6b, org.springframework.boot.test.context.SpringBootTestArgs@1, org.springframework.boot.test.context.SpringBootTestWebEnvironment@e4487af], resourceBasePath = 'src/main/webapp', contextLoader = 'org.springframework.boot.test.context.SpringBootContextLoader', parent = [null]], attributes = map['org.springframework.test.context.web.ServletTestExecutionListener.activateListener' -> true]], class annotated with @DirtiesContext [false] with mode [null].

  .   ____          _            __ _ _
 /\\ / ___'_ __ _ _(_)_ __  __ _ \ \ \ \
( ( )\___ | '_ | '_| | '_ \/ _` | \ \ \ \
 \\/  ___)| |_)| | | | | || (_| |  ) ) ) )
  '  |____| .__|_| |_|_| |_\__, | / / / /
 =========|_|==============|___/=/_/_/_/
 :: Spring Boot ::                (v2.6.9)

2022-11-08 17:30:30.112  INFO 28510 --- [    Test worker] c.p.csletter.CsletterApplicationTests    : Starting CsletterApplicationTests using Java 17.0.1 on MacBook-Pro-4.local with PID 28510 (started by johnn in /Users/johnn/Documents/GitHub/cs-letter-backend)
2022-11-08 17:30:30.112  INFO 28510 --- [    Test worker] c.p.csletter.CsletterApplicationTests    : No active profile set, falling back to 1 default profile: "default"
2022-11-08 17:30:30.395  INFO 28510 --- [    Test worker] .s.d.r.c.RepositoryConfigurationDelegate : Bootstrapping Spring Data JPA repositories in DEFAULT mode.
2022-11-08 17:30:30.419  INFO 28510 --- [    Test worker] .s.d.r.c.RepositoryConfigurationDelegate : Finished Spring Data repository scanning in 20 ms. Found 2 JPA repository interfaces.
2022-11-08 17:30:30.650  INFO 28510 --- [    Test worker] o.hibernate.jpa.internal.util.LogHelper  : HHH000204: Processing PersistenceUnitInfo [name: default]
2022-11-08 17:30:30.668  INFO 28510 --- [    Test worker] org.hibernate.Version                    : HHH000412: Hibernate ORM core version 5.6.9.Final
2022-11-08 17:30:30.738  INFO 28510 --- [    Test worker] o.hibernate.annotations.common.Version   : HCANN000001: Hibernate Commons Annotations {5.1.2.Final}
2022-11-08 17:30:30.776  INFO 28510 --- [    Test worker] com.zaxxer.hikari.HikariDataSource       : HikariPool-1 - Starting...
2022-11-08 17:30:31.226  INFO 28510 --- [    Test worker] com.zaxxer.hikari.HikariDataSource       : HikariPool-1 - Start completed.
2022-11-08 17:30:31.237  INFO 28510 --- [    Test worker] org.hibernate.dialect.Dialect            : HHH000400: Using dialect: org.hibernate.dialect.MySQL57Dialect
Hibernate: drop table if exists member
Hibernate: drop table if exists message
Hibernate: create table member (user_code bigint not null auto_increment, create_time datetime(6), kakao_email varchar(255), kakao_id bigint, kakao_nickname varchar(255), kakao_profile_img varchar(255), refresh_token varchar(1000), user_role varchar(255), primary key (user_code)) engine=InnoDB
Hibernate: create table message (message_id bigint not null auto_increment, body varchar(255) not null, nickname varchar(255), to_user_id bigint, primary key (message_id)) engine=InnoDB
2022-11-08 17:30:31.803  INFO 28510 --- [    Test worker] o.h.e.t.j.p.i.JtaPlatformInitiator       : HHH000490: Using JtaPlatform implementation: [org.hibernate.engine.transaction.jta.platform.internal.NoJtaPlatform]
2022-11-08 17:30:31.814  INFO 28510 --- [    Test worker] j.LocalContainerEntityManagerFactoryBean : Initialized JPA EntityManagerFactory for persistence unit 'default'
2022-11-08 17:30:32.024  WARN 28510 --- [    Test worker] JpaBaseConfiguration$JpaWebConfiguration : spring.jpa.open-in-view is enabled by default. Therefore, database queries may be performed during view rendering. Explicitly configure spring.jpa.open-in-view to disable this warning
2022-11-08 17:30:32.135  INFO 28510 --- [    Test worker] o.s.s.web.DefaultSecurityFilterChain     : Will secure any request with [org.springframework.security.web.context.request.async.WebAsyncManagerIntegrationFilter@54b96813, org.springframework.security.web.context.SecurityContextPersistenceFilter@728535c6, org.springframework.security.web.header.HeaderWriterFilter@746da54f, org.springframework.web.filter.CorsFilter@2919aff3, org.springframework.security.web.authentication.logout.LogoutFilter@3c4e23be, com.project.csletter.jwt.JwtRequestFilter@7e28f150, org.springframework.security.web.savedrequest.RequestCacheAwareFilter@bd09a26, org.springframework.security.web.servletapi.SecurityContextHolderAwareRequestFilter@1c06f19c, org.springframework.security.web.authentication.AnonymousAuthenticationFilter@2b3d03b2, org.springframework.security.web.session.SessionManagementFilter@2ce62e27, org.springframework.security.web.access.ExceptionTranslationFilter@3a66d97e, org.springframework.security.web.access.intercept.FilterSecurityInterceptor@75ef1392]
2022-11-08 17:30:32.404  INFO 28510 --- [    Test worker] c.p.csletter.CsletterApplicationTests    : Started CsletterApplicationTests in 2.411 seconds (JVM running for 2.854)
]]></system-out>
  <system-err><![CDATA[]]></system-err>
</testsuite>
