<?xml version="1.0" encoding="UTF-8"?>
<testsuite name="com.project.csletter.CsletterApplicationTests" tests="1" skipped="0" failures="0" errors="0" timestamp="2022-11-04T07:58:11" hostname="MacBook-Pro-4.local" time="0.112">
  <properties/>
  <testcase name="contextLoads()" classname="com.project.csletter.CsletterApplicationTests" time="0.112"/>
  <system-out><![CDATA[16:58:09.603 [Test worker] DEBUG org.springframework.test.context.BootstrapUtils - Instantiating CacheAwareContextLoaderDelegate from class [org.springframework.test.context.cache.DefaultCacheAwareContextLoaderDelegate]
16:58:09.608 [Test worker] DEBUG org.springframework.test.context.BootstrapUtils - Instantiating BootstrapContext using constructor [public org.springframework.test.context.support.DefaultBootstrapContext(java.lang.Class,org.springframework.test.context.CacheAwareContextLoaderDelegate)]
16:58:09.623 [Test worker] DEBUG org.springframework.test.context.BootstrapUtils - Instantiating TestContextBootstrapper for test class [com.project.csletter.CsletterApplicationTests] from class [org.springframework.boot.test.context.SpringBootTestContextBootstrapper]
16:58:09.628 [Test worker] INFO org.springframework.boot.test.context.SpringBootTestContextBootstrapper - Neither @ContextConfiguration nor @ContextHierarchy found for test class [com.project.csletter.CsletterApplicationTests], using SpringBootContextLoader
16:58:09.629 [Test worker] DEBUG org.springframework.test.context.support.AbstractContextLoader - Did not detect default resource location for test class [com.project.csletter.CsletterApplicationTests]: class path resource [com/project/csletter/CsletterApplicationTests-context.xml] does not exist
16:58:09.629 [Test worker] DEBUG org.springframework.test.context.support.AbstractContextLoader - Did not detect default resource location for test class [com.project.csletter.CsletterApplicationTests]: class path resource [com/project/csletter/CsletterApplicationTestsContext.groovy] does not exist
16:58:09.629 [Test worker] INFO org.springframework.test.context.support.AbstractContextLoader - Could not detect default resource locations for test class [com.project.csletter.CsletterApplicationTests]: no resource found for suffixes {-context.xml, Context.groovy}.
16:58:09.630 [Test worker] INFO org.springframework.test.context.support.AnnotationConfigContextLoaderUtils - Could not detect default configuration classes for test class [com.project.csletter.CsletterApplicationTests]: CsletterApplicationTests does not declare any static, non-private, non-final, nested classes annotated with @Configuration.
16:58:09.647 [Test worker] DEBUG org.springframework.test.context.support.ActiveProfilesUtils - Could not find an 'annotation declaring class' for annotation type [org.springframework.test.context.ActiveProfiles] and class [com.project.csletter.CsletterApplicationTests]
16:58:09.671 [Test worker] DEBUG org.springframework.context.annotation.ClassPathScanningCandidateComponentProvider - Identified candidate component class: file [/Users/johnn/Documents/GitHub/cs-letter-backend/build/classes/java/main/com/project/csletter/CsletterApplication.class]
16:58:09.671 [Test worker] INFO org.springframework.boot.test.context.SpringBootTestContextBootstrapper - Found @SpringBootConfiguration com.project.csletter.CsletterApplication for test class com.project.csletter.CsletterApplicationTests
16:58:09.706 [Test worker] DEBUG org.springframework.boot.test.context.SpringBootTestContextBootstrapper - @TestExecutionListeners is not present for class [com.project.csletter.CsletterApplicationTests]: using defaults.
16:58:09.706 [Test worker] INFO org.springframework.boot.test.context.SpringBootTestContextBootstrapper - Loaded default TestExecutionListener class names from location [META-INF/spring.factories]: [org.springframework.test.context.web.ServletTestExecutionListener, org.springframework.test.context.support.DirtiesContextBeforeModesTestExecutionListener, org.springframework.test.context.event.ApplicationEventsTestExecutionListener, org.springframework.test.context.support.DependencyInjectionTestExecutionListener, org.springframework.test.context.support.DirtiesContextTestExecutionListener, org.springframework.test.context.transaction.TransactionalTestExecutionListener, org.springframework.test.context.jdbc.SqlScriptsTestExecutionListener, org.springframework.test.context.event.EventPublishingTestExecutionListener, org.springframework.boot.test.autoconfigure.restdocs.RestDocsTestExecutionListener, org.springframework.boot.test.autoconfigure.web.client.MockRestServiceServerResetTestExecutionListener, org.springframework.boot.test.autoconfigure.web.servlet.MockMvcPrintOnlyOnFailureTestExecutionListener, org.springframework.boot.test.autoconfigure.web.servlet.WebDriverTestExecutionListener, org.springframework.boot.test.autoconfigure.webservices.client.MockWebServiceServerTestExecutionListener, org.springframework.boot.test.mock.mockito.MockitoTestExecutionListener, org.springframework.boot.test.mock.mockito.ResetMocksTestExecutionListener]
16:58:09.714 [Test worker] INFO org.springframework.boot.test.context.SpringBootTestContextBootstrapper - Using TestExecutionListeners: [org.springframework.test.context.web.ServletTestExecutionListener@14c01636, org.springframework.test.context.support.DirtiesContextBeforeModesTestExecutionListener@590c73d3, org.springframework.test.context.event.ApplicationEventsTestExecutionListener@6b9ce1bf, org.springframework.boot.test.mock.mockito.MockitoTestExecutionListener@61884cb1, org.springframework.boot.test.autoconfigure.SpringBootDependencyInjectionTestExecutionListener@75ed9710, org.springframework.test.context.support.DirtiesContextTestExecutionListener@4fc5e095, org.springframework.test.context.transaction.TransactionalTestExecutionListener@435871cb, org.springframework.test.context.jdbc.SqlScriptsTestExecutionListener@609640d5, org.springframework.test.context.event.EventPublishingTestExecutionListener@79da1ec0, org.springframework.boot.test.autoconfigure.restdocs.RestDocsTestExecutionListener@19fb8826, org.springframework.boot.test.autoconfigure.web.client.MockRestServiceServerResetTestExecutionListener@192d74fb, org.springframework.boot.test.autoconfigure.web.servlet.MockMvcPrintOnlyOnFailureTestExecutionListener@4bef0fe3, org.springframework.boot.test.autoconfigure.web.servlet.WebDriverTestExecutionListener@62ea3440, org.springframework.boot.test.autoconfigure.webservices.client.MockWebServiceServerTestExecutionListener@27953a83, org.springframework.boot.test.mock.mockito.ResetMocksTestExecutionListener@556d0826]
16:58:09.715 [Test worker] DEBUG org.springframework.test.context.support.AbstractDirtiesContextTestExecutionListener - Before test class: context [DefaultTestContext@285c08c8 testClass = CsletterApplicationTests, testInstance = [null], testMethod = [null], testException = [null], mergedContextConfiguration = [WebMergedContextConfiguration@295eaa7c testClass = CsletterApplicationTests, locations = '{}', classes = '{class com.project.csletter.CsletterApplication}', contextInitializerClasses = '[]', activeProfiles = '{}', propertySourceLocations = '{}', propertySourceProperties = '{org.springframework.boot.test.context.SpringBootTestContextBootstrapper=true}', contextCustomizers = set[org.springframework.boot.test.autoconfigure.actuate.metrics.MetricsExportContextCustomizerFactory$DisableMetricExportContextCustomizer@5ddcc487, org.springframework.boot.test.autoconfigure.properties.PropertyMappingContextCustomizer@0, org.springframework.boot.test.autoconfigure.web.servlet.WebDriverContextCustomizerFactory$Customizer@54504ecd, org.springframework.boot.test.context.filter.ExcludeFilterContextCustomizer@6239aba6, org.springframework.boot.test.json.DuplicateJsonObjectContextCustomizerFactory$DuplicateJsonObjectContextCustomizer@7164ca4c, org.springframework.boot.test.mock.mockito.MockitoContextCustomizer@0, org.springframework.boot.test.web.client.TestRestTemplateContextCustomizer@7a67e3c6, org.springframework.boot.test.context.SpringBootTestArgs@1, org.springframework.boot.test.context.SpringBootTestWebEnvironment@561b6512], resourceBasePath = 'src/main/webapp', contextLoader = 'org.springframework.boot.test.context.SpringBootContextLoader', parent = [null]], attributes = map['org.springframework.test.context.web.ServletTestExecutionListener.activateListener' -> true]], class annotated with @DirtiesContext [false] with mode [null].

  .   ____          _            __ _ _
 /\\ / ___'_ __ _ _(_)_ __  __ _ \ \ \ \
( ( )\___ | '_ | '_| | '_ \/ _` | \ \ \ \
 \\/  ___)| |_)| | | | | || (_| |  ) ) ) )
  '  |____| .__|_| |_|_| |_\__, | / / / /
 =========|_|==============|___/=/_/_/_/
 :: Spring Boot ::                (v2.7.5)

2022-11-04 16:58:10.062  INFO 63551 --- [    Test worker] c.p.csletter.CsletterApplicationTests    : Starting CsletterApplicationTests using Java 17.0.1 on MacBook-Pro-4.local with PID 63551 (started by johnn in /Users/johnn/Documents/GitHub/cs-letter-backend)
2022-11-04 16:58:10.063  INFO 63551 --- [    Test worker] c.p.csletter.CsletterApplicationTests    : No active profile set, falling back to 1 default profile: "default"
2022-11-04 16:58:10.312  INFO 63551 --- [    Test worker] .s.d.r.c.RepositoryConfigurationDelegate : Bootstrapping Spring Data JPA repositories in DEFAULT mode.
2022-11-04 16:58:10.316  INFO 63551 --- [    Test worker] .s.d.r.c.RepositoryConfigurationDelegate : Finished Spring Data repository scanning in 2 ms. Found 0 JPA repository interfaces.
2022-11-04 16:58:10.523  INFO 63551 --- [    Test worker] com.zaxxer.hikari.HikariDataSource       : HikariPool-1 - Starting...
2022-11-04 16:58:10.609  INFO 63551 --- [    Test worker] com.zaxxer.hikari.HikariDataSource       : HikariPool-1 - Start completed.
2022-11-04 16:58:10.637  INFO 63551 --- [    Test worker] o.hibernate.jpa.internal.util.LogHelper  : HHH000204: Processing PersistenceUnitInfo [name: default]
2022-11-04 16:58:10.657  INFO 63551 --- [    Test worker] org.hibernate.Version                    : HHH000412: Hibernate ORM core version 5.6.12.Final
2022-11-04 16:58:10.725  INFO 63551 --- [    Test worker] o.hibernate.annotations.common.Version   : HCANN000001: Hibernate Commons Annotations {5.1.2.Final}
2022-11-04 16:58:10.768  INFO 63551 --- [    Test worker] org.hibernate.dialect.Dialect            : HHH000400: Using dialect: org.hibernate.dialect.H2Dialect
2022-11-04 16:58:10.846  INFO 63551 --- [    Test worker] o.h.e.t.j.p.i.JtaPlatformInitiator       : HHH000490: Using JtaPlatform implementation: [org.hibernate.engine.transaction.jta.platform.internal.NoJtaPlatform]
2022-11-04 16:58:10.850  INFO 63551 --- [    Test worker] j.LocalContainerEntityManagerFactoryBean : Initialized JPA EntityManagerFactory for persistence unit 'default'
2022-11-04 16:58:10.938  WARN 63551 --- [    Test worker] JpaBaseConfiguration$JpaWebConfiguration : spring.jpa.open-in-view is enabled by default. Therefore, database queries may be performed during view rendering. Explicitly configure spring.jpa.open-in-view to disable this warning
2022-11-04 16:58:11.153  INFO 63551 --- [    Test worker] c.p.csletter.CsletterApplicationTests    : Started CsletterApplicationTests in 1.422 seconds (JVM running for 1.877)
]]></system-out>
  <system-err><![CDATA[]]></system-err>
</testsuite>
