<?xml version="1.0" encoding="UTF-8"?>
<testsuite name="com.project.csletter.CsletterApplicationTests" tests="1" skipped="0" failures="0" errors="0" timestamp="2022-11-05T12:11:51" hostname="MacBook-Pro-4.local" time="0.082">
  <properties/>
  <testcase name="contextLoads()" classname="com.project.csletter.CsletterApplicationTests" time="0.082"/>
  <system-out><![CDATA[21:11:49.530 [Test worker] DEBUG org.springframework.test.context.BootstrapUtils - Instantiating CacheAwareContextLoaderDelegate from class [org.springframework.test.context.cache.DefaultCacheAwareContextLoaderDelegate]
21:11:49.534 [Test worker] DEBUG org.springframework.test.context.BootstrapUtils - Instantiating BootstrapContext using constructor [public org.springframework.test.context.support.DefaultBootstrapContext(java.lang.Class,org.springframework.test.context.CacheAwareContextLoaderDelegate)]
21:11:49.549 [Test worker] DEBUG org.springframework.test.context.BootstrapUtils - Instantiating TestContextBootstrapper for test class [com.project.csletter.CsletterApplicationTests] from class [org.springframework.boot.test.context.SpringBootTestContextBootstrapper]
21:11:49.554 [Test worker] INFO org.springframework.boot.test.context.SpringBootTestContextBootstrapper - Neither @ContextConfiguration nor @ContextHierarchy found for test class [com.project.csletter.CsletterApplicationTests], using SpringBootContextLoader
21:11:49.555 [Test worker] DEBUG org.springframework.test.context.support.AbstractContextLoader - Did not detect default resource location for test class [com.project.csletter.CsletterApplicationTests]: class path resource [com/project/csletter/CsletterApplicationTests-context.xml] does not exist
21:11:49.555 [Test worker] DEBUG org.springframework.test.context.support.AbstractContextLoader - Did not detect default resource location for test class [com.project.csletter.CsletterApplicationTests]: class path resource [com/project/csletter/CsletterApplicationTestsContext.groovy] does not exist
21:11:49.555 [Test worker] INFO org.springframework.test.context.support.AbstractContextLoader - Could not detect default resource locations for test class [com.project.csletter.CsletterApplicationTests]: no resource found for suffixes {-context.xml, Context.groovy}.
21:11:49.556 [Test worker] INFO org.springframework.test.context.support.AnnotationConfigContextLoaderUtils - Could not detect default configuration classes for test class [com.project.csletter.CsletterApplicationTests]: CsletterApplicationTests does not declare any static, non-private, non-final, nested classes annotated with @Configuration.
21:11:49.572 [Test worker] DEBUG org.springframework.test.context.support.ActiveProfilesUtils - Could not find an 'annotation declaring class' for annotation type [org.springframework.test.context.ActiveProfiles] and class [com.project.csletter.CsletterApplicationTests]
21:11:49.596 [Test worker] DEBUG org.springframework.context.annotation.ClassPathScanningCandidateComponentProvider - Identified candidate component class: file [/Users/johnn/Documents/GitHub/cs-letter-backend/build/classes/java/main/com/project/csletter/CsletterApplication.class]
21:11:49.597 [Test worker] INFO org.springframework.boot.test.context.SpringBootTestContextBootstrapper - Found @SpringBootConfiguration com.project.csletter.CsletterApplication for test class com.project.csletter.CsletterApplicationTests
21:11:49.638 [Test worker] DEBUG org.springframework.boot.test.context.SpringBootTestContextBootstrapper - @TestExecutionListeners is not present for class [com.project.csletter.CsletterApplicationTests]: using defaults.
21:11:49.638 [Test worker] INFO org.springframework.boot.test.context.SpringBootTestContextBootstrapper - Loaded default TestExecutionListener class names from location [META-INF/spring.factories]: [org.springframework.test.context.web.ServletTestExecutionListener, org.springframework.test.context.support.DirtiesContextBeforeModesTestExecutionListener, org.springframework.test.context.event.ApplicationEventsTestExecutionListener, org.springframework.test.context.support.DependencyInjectionTestExecutionListener, org.springframework.test.context.support.DirtiesContextTestExecutionListener, org.springframework.test.context.transaction.TransactionalTestExecutionListener, org.springframework.test.context.jdbc.SqlScriptsTestExecutionListener, org.springframework.test.context.event.EventPublishingTestExecutionListener, org.springframework.boot.test.autoconfigure.restdocs.RestDocsTestExecutionListener, org.springframework.boot.test.autoconfigure.web.client.MockRestServiceServerResetTestExecutionListener, org.springframework.boot.test.autoconfigure.web.servlet.MockMvcPrintOnlyOnFailureTestExecutionListener, org.springframework.boot.test.autoconfigure.web.servlet.WebDriverTestExecutionListener, org.springframework.boot.test.autoconfigure.webservices.client.MockWebServiceServerTestExecutionListener, org.springframework.boot.test.mock.mockito.MockitoTestExecutionListener, org.springframework.boot.test.mock.mockito.ResetMocksTestExecutionListener]
21:11:49.646 [Test worker] INFO org.springframework.boot.test.context.SpringBootTestContextBootstrapper - Using TestExecutionListeners: [org.springframework.test.context.web.ServletTestExecutionListener@27305e6, org.springframework.test.context.support.DirtiesContextBeforeModesTestExecutionListener@1ef3efa8, org.springframework.test.context.event.ApplicationEventsTestExecutionListener@502f1f4c, org.springframework.boot.test.mock.mockito.MockitoTestExecutionListener@6f8f9349, org.springframework.boot.test.autoconfigure.SpringBootDependencyInjectionTestExecutionListener@75c9e76b, org.springframework.test.context.support.DirtiesContextTestExecutionListener@7446d8d5, org.springframework.test.context.transaction.TransactionalTestExecutionListener@5c3b6c6e, org.springframework.test.context.jdbc.SqlScriptsTestExecutionListener@4fbda97b, org.springframework.test.context.event.EventPublishingTestExecutionListener@75f5fd58, org.springframework.boot.test.autoconfigure.restdocs.RestDocsTestExecutionListener@37b70343, org.springframework.boot.test.autoconfigure.web.client.MockRestServiceServerResetTestExecutionListener@306851c7, org.springframework.boot.test.autoconfigure.web.servlet.MockMvcPrintOnlyOnFailureTestExecutionListener@12bcd0c0, org.springframework.boot.test.autoconfigure.web.servlet.WebDriverTestExecutionListener@4879f0f2, org.springframework.boot.test.autoconfigure.webservices.client.MockWebServiceServerTestExecutionListener@47db5fa5, org.springframework.boot.test.mock.mockito.ResetMocksTestExecutionListener@354fc8f0]
21:11:49.647 [Test worker] DEBUG org.springframework.test.context.support.AbstractDirtiesContextTestExecutionListener - Before test class: context [DefaultTestContext@4fc5e095 testClass = CsletterApplicationTests, testInstance = [null], testMethod = [null], testException = [null], mergedContextConfiguration = [WebMergedContextConfiguration@435871cb testClass = CsletterApplicationTests, locations = '{}', classes = '{class com.project.csletter.CsletterApplication}', contextInitializerClasses = '[]', activeProfiles = '{}', propertySourceLocations = '{}', propertySourceProperties = '{org.springframework.boot.test.context.SpringBootTestContextBootstrapper=true}', contextCustomizers = set[org.springframework.boot.test.autoconfigure.actuate.metrics.MetricsExportContextCustomizerFactory$DisableMetricExportContextCustomizer@457c9034, org.springframework.boot.test.autoconfigure.properties.PropertyMappingContextCustomizer@0, org.springframework.boot.test.autoconfigure.web.servlet.WebDriverContextCustomizerFactory$Customizer@be68757, org.springframework.boot.test.context.filter.ExcludeFilterContextCustomizer@1f53a5dc, org.springframework.boot.test.json.DuplicateJsonObjectContextCustomizerFactory$DuplicateJsonObjectContextCustomizer@3bd323e9, org.springframework.boot.test.mock.mockito.MockitoContextCustomizer@0, org.springframework.boot.test.web.client.TestRestTemplateContextCustomizer@59a008ba, org.springframework.boot.test.context.SpringBootTestArgs@1, org.springframework.boot.test.context.SpringBootTestWebEnvironment@8c3b9d], resourceBasePath = 'src/main/webapp', contextLoader = 'org.springframework.boot.test.context.SpringBootContextLoader', parent = [null]], attributes = map['org.springframework.test.context.web.ServletTestExecutionListener.activateListener' -> true]], class annotated with @DirtiesContext [false] with mode [null].

  .   ____          _            __ _ _
 /\\ / ___'_ __ _ _(_)_ __  __ _ \ \ \ \
( ( )\___ | '_ | '_| | '_ \/ _` | \ \ \ \
 \\/  ___)| |_)| | | | | || (_| |  ) ) ) )
  '  |____| .__|_| |_|_| |_\__, | / / / /
 =========|_|==============|___/=/_/_/_/
 :: Spring Boot ::                (v2.6.9)

2022-11-05 21:11:49.800  INFO 1719 --- [    Test worker] c.p.csletter.CsletterApplicationTests    : Starting CsletterApplicationTests using Java 18.0.1.1 on MacBook-Pro-4.local with PID 1719 (started by johnn in /Users/johnn/Documents/GitHub/cs-letter-backend)
2022-11-05 21:11:49.801  INFO 1719 --- [    Test worker] c.p.csletter.CsletterApplicationTests    : No active profile set, falling back to 1 default profile: "default"
2022-11-05 21:11:50.078  INFO 1719 --- [    Test worker] .s.d.r.c.RepositoryConfigurationDelegate : Bootstrapping Spring Data JPA repositories in DEFAULT mode.
2022-11-05 21:11:50.100  INFO 1719 --- [    Test worker] .s.d.r.c.RepositoryConfigurationDelegate : Finished Spring Data repository scanning in 19 ms. Found 1 JPA repository interfaces.
2022-11-05 21:11:50.369  INFO 1719 --- [    Test worker] o.hibernate.jpa.internal.util.LogHelper  : HHH000204: Processing PersistenceUnitInfo [name: default]
2022-11-05 21:11:50.389  INFO 1719 --- [    Test worker] org.hibernate.Version                    : HHH000412: Hibernate ORM core version 5.6.9.Final
2022-11-05 21:11:50.456  INFO 1719 --- [    Test worker] o.hibernate.annotations.common.Version   : HCANN000001: Hibernate Commons Annotations {5.1.2.Final}
2022-11-05 21:11:50.493  INFO 1719 --- [    Test worker] com.zaxxer.hikari.HikariDataSource       : HikariPool-1 - Starting...
2022-11-05 21:11:50.674  INFO 1719 --- [    Test worker] com.zaxxer.hikari.HikariDataSource       : HikariPool-1 - Start completed.
2022-11-05 21:11:50.681  INFO 1719 --- [    Test worker] org.hibernate.dialect.Dialect            : HHH000400: Using dialect: org.hibernate.dialect.MySQL57Dialect
2022-11-05 21:11:50.916  INFO 1719 --- [    Test worker] o.h.e.t.j.p.i.JtaPlatformInitiator       : HHH000490: Using JtaPlatform implementation: [org.hibernate.engine.transaction.jta.platform.internal.NoJtaPlatform]
2022-11-05 21:11:50.919  INFO 1719 --- [    Test worker] j.LocalContainerEntityManagerFactoryBean : Initialized JPA EntityManagerFactory for persistence unit 'default'
2022-11-05 21:11:50.967  WARN 1719 --- [    Test worker] JpaBaseConfiguration$JpaWebConfiguration : spring.jpa.open-in-view is enabled by default. Therefore, database queries may be performed during view rendering. Explicitly configure spring.jpa.open-in-view to disable this warning
2022-11-05 21:11:51.196  INFO 1719 --- [    Test worker] o.s.s.web.DefaultSecurityFilterChain     : Will secure any request with [org.springframework.security.web.context.request.async.WebAsyncManagerIntegrationFilter@c49e434, org.springframework.security.web.context.SecurityContextPersistenceFilter@3d1b43d8, org.springframework.security.web.header.HeaderWriterFilter@703e5614, org.springframework.web.filter.CorsFilter@11069eac, org.springframework.security.web.authentication.logout.LogoutFilter@7771c4e, com.project.csletter.jwt.JwtRequestFilter@32b1e906, org.springframework.security.web.savedrequest.RequestCacheAwareFilter@3462e99a, org.springframework.security.web.servletapi.SecurityContextHolderAwareRequestFilter@5667dd90, org.springframework.security.web.authentication.AnonymousAuthenticationFilter@33e6bd36, org.springframework.security.web.session.SessionManagementFilter@3ac326c0, org.springframework.security.web.access.ExceptionTranslationFilter@1c0fe6c5, org.springframework.security.web.access.intercept.FilterSecurityInterceptor@4d4600fb]
2022-11-05 21:11:51.480  INFO 1719 --- [    Test worker] c.p.csletter.CsletterApplicationTests    : Started CsletterApplicationTests in 1.814 seconds (JVM running for 2.286)
]]></system-out>
  <system-err><![CDATA[]]></system-err>
</testsuite>
