<?xml version="1.0" encoding="UTF-8"?>
<testsuite name="com.project.csletter.CsletterApplicationTests" tests="1" skipped="0" failures="0" errors="0" timestamp="2022-11-09T13:07:26" hostname="MacBook-Pro-4.local" time="0.063">
  <properties/>
  <testcase name="contextLoads()" classname="com.project.csletter.CsletterApplicationTests" time="0.063"/>
  <system-out><![CDATA[22:07:24.630 [Test worker] DEBUG org.springframework.test.context.BootstrapUtils - Instantiating CacheAwareContextLoaderDelegate from class [org.springframework.test.context.cache.DefaultCacheAwareContextLoaderDelegate]
22:07:24.635 [Test worker] DEBUG org.springframework.test.context.BootstrapUtils - Instantiating BootstrapContext using constructor [public org.springframework.test.context.support.DefaultBootstrapContext(java.lang.Class,org.springframework.test.context.CacheAwareContextLoaderDelegate)]
22:07:24.651 [Test worker] DEBUG org.springframework.test.context.BootstrapUtils - Instantiating TestContextBootstrapper for test class [com.project.csletter.CsletterApplicationTests] from class [org.springframework.boot.test.context.SpringBootTestContextBootstrapper]
22:07:24.656 [Test worker] INFO org.springframework.boot.test.context.SpringBootTestContextBootstrapper - Neither @ContextConfiguration nor @ContextHierarchy found for test class [com.project.csletter.CsletterApplicationTests], using SpringBootContextLoader
22:07:24.658 [Test worker] DEBUG org.springframework.test.context.support.AbstractContextLoader - Did not detect default resource location for test class [com.project.csletter.CsletterApplicationTests]: class path resource [com/project/csletter/CsletterApplicationTests-context.xml] does not exist
22:07:24.658 [Test worker] DEBUG org.springframework.test.context.support.AbstractContextLoader - Did not detect default resource location for test class [com.project.csletter.CsletterApplicationTests]: class path resource [com/project/csletter/CsletterApplicationTestsContext.groovy] does not exist
22:07:24.658 [Test worker] INFO org.springframework.test.context.support.AbstractContextLoader - Could not detect default resource locations for test class [com.project.csletter.CsletterApplicationTests]: no resource found for suffixes {-context.xml, Context.groovy}.
22:07:24.659 [Test worker] INFO org.springframework.test.context.support.AnnotationConfigContextLoaderUtils - Could not detect default configuration classes for test class [com.project.csletter.CsletterApplicationTests]: CsletterApplicationTests does not declare any static, non-private, non-final, nested classes annotated with @Configuration.
22:07:24.681 [Test worker] DEBUG org.springframework.test.context.support.ActiveProfilesUtils - Could not find an 'annotation declaring class' for annotation type [org.springframework.test.context.ActiveProfiles] and class [com.project.csletter.CsletterApplicationTests]
22:07:24.714 [Test worker] DEBUG org.springframework.context.annotation.ClassPathScanningCandidateComponentProvider - Identified candidate component class: file [/Users/johnn/Documents/GitHub/cs-letter-backend/build/classes/java/main/com/project/csletter/CsletterApplication.class]
22:07:24.715 [Test worker] INFO org.springframework.boot.test.context.SpringBootTestContextBootstrapper - Found @SpringBootConfiguration com.project.csletter.CsletterApplication for test class com.project.csletter.CsletterApplicationTests
22:07:24.751 [Test worker] DEBUG org.springframework.boot.test.context.SpringBootTestContextBootstrapper - @TestExecutionListeners is not present for class [com.project.csletter.CsletterApplicationTests]: using defaults.
22:07:24.751 [Test worker] INFO org.springframework.boot.test.context.SpringBootTestContextBootstrapper - Loaded default TestExecutionListener class names from location [META-INF/spring.factories]: [org.springframework.test.context.web.ServletTestExecutionListener, org.springframework.test.context.support.DirtiesContextBeforeModesTestExecutionListener, org.springframework.test.context.event.ApplicationEventsTestExecutionListener, org.springframework.test.context.support.DependencyInjectionTestExecutionListener, org.springframework.test.context.support.DirtiesContextTestExecutionListener, org.springframework.test.context.transaction.TransactionalTestExecutionListener, org.springframework.test.context.jdbc.SqlScriptsTestExecutionListener, org.springframework.test.context.event.EventPublishingTestExecutionListener, org.springframework.boot.test.autoconfigure.restdocs.RestDocsTestExecutionListener, org.springframework.boot.test.autoconfigure.web.client.MockRestServiceServerResetTestExecutionListener, org.springframework.boot.test.autoconfigure.web.servlet.MockMvcPrintOnlyOnFailureTestExecutionListener, org.springframework.boot.test.autoconfigure.web.servlet.WebDriverTestExecutionListener, org.springframework.boot.test.autoconfigure.webservices.client.MockWebServiceServerTestExecutionListener, org.springframework.boot.test.mock.mockito.MockitoTestExecutionListener, org.springframework.boot.test.mock.mockito.ResetMocksTestExecutionListener]
22:07:24.758 [Test worker] INFO org.springframework.boot.test.context.SpringBootTestContextBootstrapper - Using TestExecutionListeners: [org.springframework.test.context.web.ServletTestExecutionListener@61884cb1, org.springframework.test.context.support.DirtiesContextBeforeModesTestExecutionListener@75ed9710, org.springframework.test.context.event.ApplicationEventsTestExecutionListener@4fc5e095, org.springframework.boot.test.mock.mockito.MockitoTestExecutionListener@435871cb, org.springframework.boot.test.autoconfigure.SpringBootDependencyInjectionTestExecutionListener@609640d5, org.springframework.test.context.support.DirtiesContextTestExecutionListener@79da1ec0, org.springframework.test.context.transaction.TransactionalTestExecutionListener@19fb8826, org.springframework.test.context.jdbc.SqlScriptsTestExecutionListener@192d74fb, org.springframework.test.context.event.EventPublishingTestExecutionListener@4bef0fe3, org.springframework.boot.test.autoconfigure.restdocs.RestDocsTestExecutionListener@62ea3440, org.springframework.boot.test.autoconfigure.web.client.MockRestServiceServerResetTestExecutionListener@27953a83, org.springframework.boot.test.autoconfigure.web.servlet.MockMvcPrintOnlyOnFailureTestExecutionListener@556d0826, org.springframework.boot.test.autoconfigure.web.servlet.WebDriverTestExecutionListener@66ce957f, org.springframework.boot.test.autoconfigure.webservices.client.MockWebServiceServerTestExecutionListener@55b5f5d2, org.springframework.boot.test.mock.mockito.ResetMocksTestExecutionListener@5bfa8cc5]
22:07:24.760 [Test worker] DEBUG org.springframework.test.context.support.AbstractDirtiesContextTestExecutionListener - Before test class: context [DefaultTestContext@2c88b9fc testClass = CsletterApplicationTests, testInstance = [null], testMethod = [null], testException = [null], mergedContextConfiguration = [WebMergedContextConfiguration@64dafeed testClass = CsletterApplicationTests, locations = '{}', classes = '{class com.project.csletter.CsletterApplication}', contextInitializerClasses = '[]', activeProfiles = '{}', propertySourceLocations = '{}', propertySourceProperties = '{org.springframework.boot.test.context.SpringBootTestContextBootstrapper=true}', contextCustomizers = set[org.springframework.boot.test.autoconfigure.actuate.metrics.MetricsExportContextCustomizerFactory$DisableMetricExportContextCustomizer@2e48362c, org.springframework.boot.test.autoconfigure.properties.PropertyMappingContextCustomizer@0, org.springframework.boot.test.autoconfigure.web.servlet.WebDriverContextCustomizerFactory$Customizer@3f91b517, org.springframework.boot.test.context.filter.ExcludeFilterContextCustomizer@59a008ba, org.springframework.boot.test.json.DuplicateJsonObjectContextCustomizerFactory$DuplicateJsonObjectContextCustomizer@58ce9668, org.springframework.boot.test.mock.mockito.MockitoContextCustomizer@0, org.springframework.boot.test.web.client.TestRestTemplateContextCustomizer@7a55af6b, org.springframework.boot.test.context.SpringBootTestArgs@1, org.springframework.boot.test.context.SpringBootTestWebEnvironment@e4487af], resourceBasePath = 'src/main/webapp', contextLoader = 'org.springframework.boot.test.context.SpringBootContextLoader', parent = [null]], attributes = map['org.springframework.test.context.web.ServletTestExecutionListener.activateListener' -> true]], class annotated with @DirtiesContext [false] with mode [null].

  .   ____          _            __ _ _
 /\\ / ___'_ __ _ _(_)_ __  __ _ \ \ \ \
( ( )\___ | '_ | '_| | '_ \/ _` | \ \ \ \
 \\/  ___)| |_)| | | | | || (_| |  ) ) ) )
  '  |____| .__|_| |_|_| |_\__, | / / / /
 =========|_|==============|___/=/_/_/_/
 :: Spring Boot ::                (v2.6.9)

2022-11-09 22:07:24.928  INFO 45775 --- [    Test worker] c.p.csletter.CsletterApplicationTests    : Starting CsletterApplicationTests using Java 17.0.1 on MacBook-Pro-4.local with PID 45775 (started by johnn in /Users/johnn/Documents/GitHub/cs-letter-backend)
2022-11-09 22:07:24.929  INFO 45775 --- [    Test worker] c.p.csletter.CsletterApplicationTests    : No active profile set, falling back to 1 default profile: "default"
2022-11-09 22:07:25.272  INFO 45775 --- [    Test worker] .s.d.r.c.RepositoryConfigurationDelegate : Bootstrapping Spring Data JPA repositories in DEFAULT mode.
2022-11-09 22:07:25.299  INFO 45775 --- [    Test worker] .s.d.r.c.RepositoryConfigurationDelegate : Finished Spring Data repository scanning in 23 ms. Found 2 JPA repository interfaces.
2022-11-09 22:07:25.548  INFO 45775 --- [    Test worker] o.hibernate.jpa.internal.util.LogHelper  : HHH000204: Processing PersistenceUnitInfo [name: default]
2022-11-09 22:07:25.570  INFO 45775 --- [    Test worker] org.hibernate.Version                    : HHH000412: Hibernate ORM core version 5.6.9.Final
2022-11-09 22:07:25.644  INFO 45775 --- [    Test worker] o.hibernate.annotations.common.Version   : HCANN000001: Hibernate Commons Annotations {5.1.2.Final}
2022-11-09 22:07:25.693  INFO 45775 --- [    Test worker] com.zaxxer.hikari.HikariDataSource       : HikariPool-1 - Starting...
2022-11-09 22:07:25.863  INFO 45775 --- [    Test worker] com.zaxxer.hikari.HikariDataSource       : HikariPool-1 - Start completed.
2022-11-09 22:07:25.871  INFO 45775 --- [    Test worker] org.hibernate.dialect.Dialect            : HHH000400: Using dialect: org.hibernate.dialect.MySQL57Dialect
2022-11-09 22:07:26.125  INFO 45775 --- [    Test worker] o.h.e.t.j.p.i.JtaPlatformInitiator       : HHH000490: Using JtaPlatform implementation: [org.hibernate.engine.transaction.jta.platform.internal.NoJtaPlatform]
2022-11-09 22:07:26.128  INFO 45775 --- [    Test worker] j.LocalContainerEntityManagerFactoryBean : Initialized JPA EntityManagerFactory for persistence unit 'default'
2022-11-09 22:07:26.399  WARN 45775 --- [    Test worker] JpaBaseConfiguration$JpaWebConfiguration : spring.jpa.open-in-view is enabled by default. Therefore, database queries may be performed during view rendering. Explicitly configure spring.jpa.open-in-view to disable this warning
2022-11-09 22:07:26.524  INFO 45775 --- [    Test worker] o.s.s.web.DefaultSecurityFilterChain     : Will secure any request with [org.springframework.security.web.context.request.async.WebAsyncManagerIntegrationFilter@5b634e24, org.springframework.security.web.context.SecurityContextPersistenceFilter@6f2a1ff0, org.springframework.security.web.header.HeaderWriterFilter@54a5799f, org.springframework.web.filter.CorsFilter@e18d2a2, org.springframework.security.web.authentication.logout.LogoutFilter@1859b996, com.project.csletter.jwt.JwtRequestFilter@16745abd, org.springframework.security.web.savedrequest.RequestCacheAwareFilter@4bc9451b, org.springframework.security.web.servletapi.SecurityContextHolderAwareRequestFilter@6987b74e, org.springframework.security.web.authentication.AnonymousAuthenticationFilter@7b0dfa91, org.springframework.security.web.session.SessionManagementFilter@2b3d03b2, org.springframework.security.web.access.ExceptionTranslationFilter@7488c183, org.springframework.security.web.access.intercept.FilterSecurityInterceptor@478cebdb]
2022-11-09 22:07:26.800  INFO 45775 --- [    Test worker] c.p.csletter.CsletterApplicationTests    : Started CsletterApplicationTests in 2.023 seconds (JVM running for 2.485)
]]></system-out>
  <system-err><![CDATA[]]></system-err>
</testsuite>
